#
# A fatal error has been detected by the Java Runtime Environment:
#
#  SIGSEGV (0xb) at pc=0x0000000102b449f8, pid=3117, tid=775
#
# JRE version: OpenJDK Runtime Environment Zulu11.45+27-CA (11.0.10+9) (build 11.0.10+9-LTS)
# Java VM: OpenJDK 64-Bit Server VM Zulu11.45+27-CA (11.0.10+9-LTS, mixed mode, tiered, compressed oops, g1 gc, bsd-amd64)
# Problematic frame:
# C  [StataSE+0x8e9f8]
#
# No core dump will be written. Core dumps have been disabled. To enable core dumping, try "ulimit -c unlimited" before starting Java again
#
# If you would like to submit a bug report, please visit:
#   http://www.azulsystems.com/support/
# The crash happened outside the Java Virtual Machine in native code.
# See problematic frame for where to report the bug.
#

---------------  S U M M A R Y ------------

Command Line: -Xmx4096M -Xss2M -XX:ErrorFile=/dev/null 

Host: MacBookAir5,2 x86_64 1800 MHz, 4 cores, 8G, Darwin 19.6.0
Time: Mon Jan 31 17:04:01 2022 CET elapsed time: 10386.905145 seconds (0d 2h 53m 6s)

---------------  T H R E A D  ---------------

Current thread (0x00007fa75e8f2800):  JavaThread "main" [_thread_in_native, id=775, stack(0x00007ffeec94a000,0x00007ffeed14a000)]

Stack: [0x00007ffeec94a000,0x00007ffeed14a000],  sp=0x00007ffeed144660,  free space=8169k
Native frames: (J=compiled Java code, A=aot compiled Java code, j=interpreted, Vv=VM code, C=native code)
C  [StataSE+0x8e9f8]
C  [Foundation+0x9b152]  __NSFireDelayedPerform+0x19f
C  [CoreFoundation+0x9edb8]  __CFRUNLOOP_IS_CALLING_OUT_TO_A_TIMER_CALLBACK_FUNCTION__+0x14
C  [CoreFoundation+0x9e91e]  __CFRunLoopDoTimer+0x368
C  [CoreFoundation+0x9e409]  __CFRunLoopDoTimers+0x142
C  [CoreFoundation+0x8306d]  __CFRunLoopRun+0x75d
C  [CoreFoundation+0x822b3]  CFRunLoopRunSpecific+0x1d2
C  [HIToolbox+0x2faad]  RunCurrentEventLoopInMode+0x124
C  [HIToolbox+0x2f7c5]  ReceiveNextEventCommon+0x248
C  [HIToolbox+0x2f569]  _BlockUntilNextEventMatchingListInModeWithFilter+0x40
C  [AppKit+0x41659]  _DPSNextEvent+0x373
C  [AppKit+0x3fea0]  -[NSApplication(NSEvent) _nextEventMatchingEventMask:untilDate:inMode:dequeue:]+0x548
C  [StataSE+0x102f5]
C  [StataSE+0x1042a]
C  [StataSE+0x10846]
C  [StataSE+0x802872]
C  [StataSE+0xca885]
C  [StataSE+0x73a4f7]
C  [StataSE+0x73a1d5]
C  [StataSE+0x4f9c4f]
C  [StataSE+0x784a75]
C  [libdyld.dylib+0x1acc9]  start+0x1


siginfo: si_signo: 11 (SIGSEGV), si_code: 1 (SEGV_MAPERR), si_addr: 0x00007fa7514c0ba4

Register to memory mapping:

RAX=0x00007fa7514c0000 is an unknown value
RBX=0x00007fa7514c0000 is an unknown value
RCX=0x75a65e745cb40089 is an unknown value
RDX=0x0 is NULL
RSP=0x00007ffeed144660 is pointing into the stack for thread: 0x00007fa75e8f2800
RBP=0x00007ffeed1446d0 is pointing into the stack for thread: 0x00007fa75e8f2800
RSI=0x0000600000fa6fe0 points into unknown readable memory: 0x001dffff88accfb9 | b9 cf ac 88 ff ff 1d 00
RDI=0x00007ffeed144638 is pointing into the stack for thread: 0x00007fa75e8f2800
R8 =0x0 is NULL
R9 =0x0000000000000001 is an unknown value
R10=0x00007fff88acd008: OBJC_CLASS_$_NSConcreteValue+0 in /System/Library/Frameworks/Foundation.framework/Versions/C/Foundation at 0x00007fff33285000
R11=0x00001ffeec19d658 is an unknown value
R12=0x00007fff74e006b1: GCC_except_table741+0xb50c7f5 in /usr/lib/libobjc.A.dylib at 0x00007fff698c5000
R13=0x0000600003093800 points into unknown readable memory: 0x003d80010684658d | 8d 65 84 06 01 80 3d 00
R14=0x00007fff74dff04a: GCC_except_table741+0xb50b18e in /usr/lib/libobjc.A.dylib at 0x00007fff698c5000
R15=0x0000600000fa6fc0 points into unknown readable memory: 0x001dffff88acd009 | 09 d0 ac 88 ff ff 1d 00


Registers:
RAX=0x00007fa7514c0000, RBX=0x00007fa7514c0000, RCX=0x75a65e745cb40089, RDX=0x0000000000000000
RSP=0x00007ffeed144660, RBP=0x00007ffeed1446d0, RSI=0x0000600000fa6fe0, RDI=0x00007ffeed144638
R8 =0x0000000000000000, R9 =0x0000000000000001, R10=0x00007fff88acd008, R11=0x00001ffeec19d658
R12=0x00007fff74e006b1, R13=0x0000600003093800, R14=0x00007fff74dff04a, R15=0x0000600000fa6fc0
RIP=0x0000000102b449f8, EFLAGS=0x0000000000010202, ERR=0x0000000000000006
  TRAPNO=0x000000000000000e

Top of Stack: (sp=0x00007ffeed144660)
0x00007ffeed144660:   4083180000000000 4075100000000000
0x00007ffeed144670:   408f100000000000 4085c00000000000
0x00007ffeed144680:   4083180000000000 4075100000000000
0x00007ffeed144690:   408f100000000000 4085c00000000000
0x00007ffeed1446a0:   ffffffffffffffff 00007fff88464af0
0x00007ffeed1446b0:   ffffffffffffffff 00007fff88464b10
0x00007ffeed1446c0:   00007fff88464af0 00007fff88464b10
0x00007ffeed1446d0:   00007ffeed144760 00007fff33320152
0x00007ffeed1446e0:   7ffffffffffffffe 00007fff74e03a13
0x00007ffeed1446f0:   00007fff74dfed04 00007fa75fa33078
0x00007ffeed144700:   0000600002a4e0d0 0000600003093800
0x00007ffeed144710:   000000010648ba4e 0000600000fa6fc0
0x00007ffeed144720:   0000600000bda850 0000600003cd9740
0x00007ffeed144730:   0000600002d92ca0 00006000011be500
0x00007ffeed144740:   00007fff3331ffb3 0000600003cd9758
0x00007ffeed144750:   0000600003cd9740 00006000035bcb00
0x00007ffeed144760:   00007ffeed144770 00007fff30c3fdb8
0x00007ffeed144770:   00007ffeed145820 00007fff30c3f91e
0x00007ffeed144780:   0000000000000004 00006000032b81b0
0x00007ffeed144790:   00002e648c4552da 00006000035bcbc0
0x00007ffeed1447a0:   0000000000000000 00006000032b81a0
0x00007ffeed1447b0:   00006000035bcb10 0000000000000000
0x00007ffeed1447c0:   00006000011be500 ffffffffffffffff
0x00007ffeed1447d0:   00007ffeed1449d0 00007ffeed144830
0x00007ffeed1447e0:   0000000000000017 00006000007a7030
0x00007ffeed1447f0:   21eb0d26c23ae422 00007ffeed144830
0x00007ffeed144800:   00006000035bcb00 00007fff88464af0
0x00007ffeed144810:   00006000035bcb00 0000000000000000
0x00007ffeed144820:   00007ffeed144860 00007fff30be8a2f
0x00007ffeed144830:   0000000000000004 00006000032b81a0
0x00007ffeed144840:   00006000032b81a0 0000000000000002
0x00007ffeed144850:   00006000032b81a0 00006000035bcb00 

Instructions: (pc=0x0000000102b449f8)
0x0000000102b448f8:   c0 74 19 48 8b 35 2e 9e cf 03 48 89 c7 48 89 da
0x0000000102b44908:   48 83 c4 08 5b 5d ff 25 fc 1c c3 03 48 83 c4 08
0x0000000102b44918:   5b 5d c3 0f 1f 44 00 00 55 48 89 e5 41 57 41 56
0x0000000102b44928:   41 55 41 54 53 48 83 ec 48 49 89 d7 49 89 fd 4c
0x0000000102b44938:   8b 25 aa 62 cf 03 4c 89 e6 ff 15 c9 1c c3 03 4c
0x0000000102b44948:   8b 35 c2 6a cf 03 48 85 c0 74 2c 48 8d 7d 90 48
0x0000000102b44958:   89 c6 4c 89 f2 e8 38 19 fa 01 f2 0f 10 45 a0 48
0x0000000102b44968:   8b 1d 92 e6 cf 03 66 41 0f 2e 44 1d 00 75 2c 0f
0x0000000102b44978:   8b 91 00 00 00 eb 24 66 0f 57 c0 66 0f 29 45 a0
0x0000000102b44988:   66 0f 29 45 90 66 0f 57 c0 48 8b 1d 68 e6 cf 03
0x0000000102b44998:   66 41 0f 2e 44 1d 00 75 02 7b 6b 4c 01 eb 4c 89
0x0000000102b449a8:   ef 4c 89 e6 ff 15 5e 1c c3 03 48 85 c0 74 11 48
0x0000000102b449b8:   8d 7d b0 48 89 c6 4c 89 f2 e8 d4 18 fa 01 eb 0e
0x0000000102b449c8:   66 0f 57 c0 66 0f 29 45 c0 66 0f 29 45 b0 48 8b
0x0000000102b449d8:   45 c0 48 8b 4d c8 48 89 4b 08 48 89 03 48 8b 35
0x0000000102b449e8:   ac 6d cf 03 4c 89 ff ff 15 1b 1c c3 03 48 89 c3
0x0000000102b449f8:   c6 80 a4 0b 00 00 01 48 89 c7 e8 19 a9 83 00 c6
0x0000000102b44a08:   83 a4 0b 00 00 00 48 83 c4 48 5b 41 5c 41 5d 41
0x0000000102b44a18:   5e 41 5f 5d c3 0f 1f 00 55 48 89 e5 41 57 41 56
0x0000000102b44a28:   41 55 41 54 53 48 83 ec 18 49 89 d6 49 89 ff 48
0x0000000102b44a38:   8b 35 aa 61 cf 03 4c 8b 2d cb 1b c3 03 41 ff d5
0x0000000102b44a48:   48 89 c3 48 8b 35 fe 62 cf 03 4c 89 f7 4d 89 ec
0x0000000102b44a58:   41 ff d5 48 39 c3 75 21 48 8b 35 c9 77 cf 03 48
0x0000000102b44a68:   89 df 4c 89 e3 41 ff d4 48 8b 35 99 93 cf 03 48
0x0000000102b44a78:   89 c7 41 ff d4 84 c0 74 0f 48 83 c4 18 5b 41 5c
0x0000000102b44a88:   41 5d 41 5e 41 5f 5d c3 48 8b 35 a9 9c cf 03 4c
0x0000000102b44a98:   89 ff 4c 89 e3 41 ff d4 49 89 c5 48 8b 35 9e 9c
0x0000000102b44aa8:   cf 03 4c 89 ff 41 ff d4 4d 85 ed 74 cc 48 85 c0
0x0000000102b44ab8:   74 c7 48 8b 1d 1f c9 cf 03 48 8b 3d 28 cc cf 03
0x0000000102b44ac8:   48 8b 35 c1 86 cf 03 48 89 45 c8 48 89 c2 4d 89
0x0000000102b44ad8:   e6 41 ff d4 48 8b 35 b5 66 cf 03 48 89 df 4c 89
0x0000000102b44ae8:   fa 48 8b 0d 20 9d cf 03 49 89 c0 41 ff d4 48 8b 


Stack slot to memory mapping:
stack at sp + 0 slots: 0x4083180000000000 is an unknown value
stack at sp + 1 slots: 0x4075100000000000 is an unknown value
stack at sp + 2 slots: 0x408f100000000000 is an unknown value
stack at sp + 3 slots: 0x4085c00000000000 is an unknown value
stack at sp + 4 slots: 0x4083180000000000 is an unknown value
stack at sp + 5 slots: 0x4075100000000000 is an unknown value
stack at sp + 6 slots: 0x408f100000000000 is an unknown value
stack at sp + 7 slots: 0x4085c00000000000 is an unknown value


---------------  P R O C E S S  ---------------

Threads class SMR info:
_java_thread_list=0x0000600000f9a360, length=10, elements={
0x00007fa75e8f2800, 0x00007fa75e1f4000, 0x00007fa75e149000, 0x00007fa75e2c3800,
0x00007fa75e1e8000, 0x00007fa76593c800, 0x00007fa76593d000, 0x00007fa76594e000,
0x00007fa75e0a9800, 0x00007fa75e5da800
}

Java Threads: ( => current thread )
=>0x00007fa75e8f2800 JavaThread "main" [_thread_in_native, id=775, stack(0x00007ffeec94a000,0x00007ffeed14a000)]
  0x00007fa75e1f4000 JavaThread "Reference Handler" daemon [_thread_blocked, id=84483, stack(0x0000700010679000,0x0000700010879000)]
  0x00007fa75e149000 JavaThread "Finalizer" daemon [_thread_blocked, id=48643, stack(0x000070001087c000,0x0000700010a7c000)]
  0x00007fa75e2c3800 JavaThread "Signal Dispatcher" daemon [_thread_blocked, id=83971, stack(0x0000700010a7f000,0x0000700010c7f000)]
  0x00007fa75e1e8000 JavaThread "Service Thread" daemon [_thread_blocked, id=83715, stack(0x0000700010c82000,0x0000700010e82000)]
  0x00007fa76593c800 JavaThread "C2 CompilerThread0" daemon [_thread_blocked, id=50179, stack(0x0000700010e85000,0x0000700010f85000)]
  0x00007fa76593d000 JavaThread "C1 CompilerThread0" daemon [_thread_blocked, id=50691, stack(0x0000700010f88000,0x0000700011088000)]
  0x00007fa76594e000 JavaThread "Sweeper thread" daemon [_thread_blocked, id=50947, stack(0x000070001108b000,0x000070001128b000)]
  0x00007fa75e0a9800 JavaThread "Common-Cleaner" daemon [_thread_blocked, id=81923, stack(0x0000700011391000,0x0000700011591000)]
  0x00007fa75e5da800 JavaThread "Thread-0" [_thread_in_native, id=7427, stack(0x000070000fdd8000,0x000070000fe58000)]

Other Threads:
  0x00007fa765934000 VMThread "VM Thread" [stack: 0x0000700010576000,0x0000700010676000] [id=84739]
  0x00007fa76593e000 WatcherThread [stack: 0x000070001128e000,0x000070001138e000] [id=51219]
  0x00007fa765814000 GCTaskThread "GC Thread#0" [stack: 0x0000700010067000,0x0000700010167000] [id=86531]
  0x00007fa767883000 GCTaskThread "GC Thread#1" [stack: 0x000070001191d000,0x0000700011a1d000] [id=62235]
  0x00007fa767868000 GCTaskThread "GC Thread#2" [stack: 0x0000700011a20000,0x0000700011b20000] [id=62467]
  0x00007fa767856000 GCTaskThread "GC Thread#3" [stack: 0x0000700011b23000,0x0000700011c23000] [id=65795]
  0x00007fa75d844800 ConcurrentGCThread "G1 Main Marker" [stack: 0x000070001016a000,0x000070001026a000] [id=45571]
  0x00007fa75e0db800 ConcurrentGCThread "G1 Conc#0" [stack: 0x000070001026d000,0x000070001036d000] [id=85507]
  0x00007fa75e165000 ConcurrentGCThread "G1 Refine#0" [stack: 0x0000700010370000,0x0000700010470000] [id=85251]
  0x00007fa75ea18800 ConcurrentGCThread "G1 Refine#1" [stack: 0x0000700011c26000,0x0000700011d26000] [id=65543]
  0x00007fa75e141000 ConcurrentGCThread "G1 Young RemSet Sampling" [stack: 0x0000700010473000,0x0000700010573000] [id=46595]

Threads with active compile tasks:

VM state:not at safepoint (normal execution)

VM Mutex/Monitor currently owned by a thread: None

Heap address: 0x0000000700000000, size: 4096 MB, Compressed Oops mode: Zero based, Oop shift amount: 3
Narrow klass base: 0x0000000800000000, Narrow klass shift: 0
Compressed class space size: 1073741824 Address: 0x0000000800000000

Heap:
 garbage-first heap   total 30720K, used 8951K [0x0000000700000000, 0x0000000800000000)
  region size 1024K, 2 young (2048K), 0 survivors (0K)
 Metaspace       used 17329K, capacity 17784K, committed 18176K, reserved 1064960K
  class space    used 1784K, capacity 1944K, committed 2048K, reserved 1048576K
Heap Regions: E=young(eden), S=young(survivor), O=old, HS=humongous(starts), HC=humongous(continues), CS=collection set, F=free, A=archive, TAMS=top-at-mark-start (previous, next)
|   0|0x0000000700000000, 0x0000000700100000, 0x0000000700100000|100%|HS|  |TAMS 0x0000000700000000, 0x0000000700000000| Untracked 
|   1|0x0000000700100000, 0x0000000700200000, 0x0000000700200000|100%| O|  |TAMS 0x0000000700100000, 0x0000000700100000| Untracked 
|   2|0x0000000700200000, 0x0000000700300000, 0x0000000700300000|100%|HS|  |TAMS 0x0000000700200000, 0x0000000700200000| Untracked 
|   3|0x0000000700300000, 0x0000000700400000, 0x0000000700400000|100%|HC|  |TAMS 0x0000000700300000, 0x0000000700300000| Untracked 
|   4|0x0000000700400000, 0x00000007004ffff8, 0x0000000700500000| 99%| O|  |TAMS 0x0000000700400000, 0x0000000700400000| Untracked 
|   5|0x0000000700500000, 0x00000007005ffff8, 0x0000000700600000| 99%| O|  |TAMS 0x0000000700500000, 0x0000000700500000| Untracked 
|   6|0x0000000700600000, 0x00000007006fa5b0, 0x0000000700700000| 97%| O|  |TAMS 0x0000000700600000, 0x0000000700600000| Untracked 
|   7|0x0000000700700000, 0x0000000700732948, 0x0000000700800000| 19%| O|  |TAMS 0x0000000700700000, 0x0000000700700000| Untracked 
|   8|0x0000000700800000, 0x0000000700890d48, 0x0000000700900000| 56%| O|  |TAMS 0x0000000700800000, 0x0000000700800000| Untracked 
|   9|0x0000000700900000, 0x0000000700900000, 0x0000000700a00000|  0%| F|  |TAMS 0x0000000700900000, 0x0000000700900000| Untracked 
|  10|0x0000000700a00000, 0x0000000700a00000, 0x0000000700b00000|  0%| F|  |TAMS 0x0000000700a00000, 0x0000000700a00000| Untracked 
|  11|0x0000000700b00000, 0x0000000700b00000, 0x0000000700c00000|  0%| F|  |TAMS 0x0000000700b00000, 0x0000000700b00000| Untracked 
|  12|0x0000000700c00000, 0x0000000700c00000, 0x0000000700d00000|  0%| F|  |TAMS 0x0000000700c00000, 0x0000000700c00000| Untracked 
|  13|0x0000000700d00000, 0x0000000700d00000, 0x0000000700e00000|  0%| F|  |TAMS 0x0000000700d00000, 0x0000000700d00000| Untracked 
|  14|0x0000000700e00000, 0x0000000700e00000, 0x0000000700f00000|  0%| F|  |TAMS 0x0000000700e00000, 0x0000000700e00000| Untracked 
|  15|0x0000000700f00000, 0x0000000700f00000, 0x0000000701000000|  0%| F|  |TAMS 0x0000000700f00000, 0x0000000700f00000| Untracked 
|  16|0x0000000701000000, 0x0000000701000000, 0x0000000701100000|  0%| F|  |TAMS 0x0000000701000000, 0x0000000701000000| Untracked 
|  17|0x0000000701100000, 0x0000000701100000, 0x0000000701200000|  0%| F|  |TAMS 0x0000000701100000, 0x0000000701100000| Untracked 
|  18|0x0000000701200000, 0x0000000701200000, 0x0000000701300000|  0%| F|  |TAMS 0x0000000701200000, 0x0000000701200000| Untracked 
|  19|0x0000000701300000, 0x0000000701300000, 0x0000000701400000|  0%| F|  |TAMS 0x0000000701300000, 0x0000000701300000| Untracked 
|  20|0x0000000701400000, 0x0000000701400000, 0x0000000701500000|  0%| F|  |TAMS 0x0000000701400000, 0x0000000701400000| Untracked 
|  21|0x0000000701500000, 0x0000000701500000, 0x0000000701600000|  0%| F|  |TAMS 0x0000000701500000, 0x0000000701500000| Untracked 
|  22|0x0000000701600000, 0x0000000701600000, 0x0000000701700000|  0%| F|  |TAMS 0x0000000701600000, 0x0000000701600000| Untracked 
|  23|0x0000000701700000, 0x0000000701700000, 0x0000000701800000|  0%| F|  |TAMS 0x0000000701700000, 0x0000000701700000| Untracked 
|  24|0x0000000701800000, 0x0000000701800000, 0x0000000701900000|  0%| F|  |TAMS 0x0000000701800000, 0x0000000701800000| Untracked 
|  25|0x0000000701900000, 0x0000000701900000, 0x0000000701a00000|  0%| F|  |TAMS 0x0000000701900000, 0x0000000701900000| Untracked 
|  26|0x0000000701a00000, 0x0000000701a00000, 0x0000000701b00000|  0%| F|  |TAMS 0x0000000701a00000, 0x0000000701a00000| Untracked 
|  27|0x0000000701b00000, 0x0000000701b00000, 0x0000000701c00000|  0%| F|  |TAMS 0x0000000701b00000, 0x0000000701b00000| Untracked 
|  28|0x0000000701c00000, 0x0000000701c5d530, 0x0000000701d00000| 36%| E|  |TAMS 0x0000000701c00000, 0x0000000701c00000| Complete 
|  39|0x0000000702700000, 0x0000000702800000, 0x0000000702800000|100%| E|CS|TAMS 0x0000000702700000, 0x0000000702700000| Complete 

Card table byte_map: [0x00000001272a1000,0x0000000127aa1000] _byte_map_base: 0x0000000123aa1000

Marking Bits (Prev, Next): (CMBitMap*) 0x00007fa75d951018, (CMBitMap*) 0x00007fa75d951050
 Prev Bits: [0x00000001282a1000, 0x000000012c2a1000)
 Next Bits: [0x000000012c2a1000, 0x00000001302a1000)

Polling page: 0x000000010b029000

Metaspace:

Usage:
  Non-class:     15.47 MB capacity,    15.18 MB ( 98%) used,   265.43 KB (  2%) free+waste,    29.62 KB ( <1%) overhead. 
      Class:      1.90 MB capacity,     1.74 MB ( 92%) used,   145.96 KB (  8%) free+waste,    13.44 KB ( <1%) overhead. 
       Both:     17.37 MB capacity,    16.92 MB ( 97%) used,   411.39 KB (  2%) free+waste,    43.06 KB ( <1%) overhead. 

Virtual space:
  Non-class space:       16.00 MB reserved,      15.75 MB ( 98%) committed 
      Class space:        1.00 GB reserved,       2.00 MB ( <1%) committed 
             Both:        1.02 GB reserved,      17.75 MB (  2%) committed 

Chunk freelists:
   Non-Class:  52.00 KB
       Class:  8.00 KB
        Both:  60.00 KB

MaxMetaspaceSize: unlimited
CompressedClassSpaceSize: 1.00 GB

CodeHeap 'non-profiled nmethods': size=120032Kb used=521Kb max_used=521Kb free=119510Kb
 bounds [0x000000011f393000, 0x000000011f603000, 0x00000001268cb000]
CodeHeap 'profiled nmethods': size=120032Kb used=2644Kb max_used=2644Kb free=117387Kb
 bounds [0x0000000117e5b000, 0x00000001180fb000, 0x000000011f393000]
CodeHeap 'non-nmethods': size=5696Kb used=1145Kb max_used=1177Kb free=4550Kb
 bounds [0x00000001178cb000, 0x0000000117b3b000, 0x0000000117e5b000]
 total_blobs=1894 nmethods=1410 adapters=396
 compilation: enabled
              stopped_count=0, restarted_count=0
 full_count=0

Compilation events (20 events):
Event: 33.998 Thread 0x00007fa76593d000 1402       3       java.util.Collections::unmodifiableList (27 bytes)
Event: 34.000 Thread 0x00007fa76593d000 nmethod 1402 0x00000001180c3e10 code [0x00000001180c4040, 0x00000001180c49b0]
Event: 34.000 Thread 0x00007fa76593d000 1403       3       java.util.Collections$UnmodifiableList::<init> (11 bytes)
Event: 34.001 Thread 0x00007fa76593d000 nmethod 1403 0x00000001180c4c10 code [0x00000001180c4de0, 0x00000001180c5160]
Event: 34.001 Thread 0x00007fa76593d000 1404       3       java.util.Collections$UnmodifiableRandomAccessList::<init> (6 bytes)
Event: 34.001 Thread 0x00007fa76593d000 nmethod 1404 0x00000001180c5290 code [0x00000001180c5480, 0x00000001180c5860]
Event: 34.015 Thread 0x00007fa76593d000 1405 % !   3       com.stata.StUrlExtender::saveToFileU @ 326 (574 bytes)
Event: 34.038 Thread 0x00007fa76593d000 nmethod 1405% 0x00000001180c5990 code [0x00000001180c6c00, 0x00000001180d46d0]
Event: 34.072 Thread 0x00007fa76593d000 1406   !   3       com.stata.StUrlExtender::saveToFileU (574 bytes)
Event: 34.095 Thread 0x00007fa76593d000 nmethod 1406 0x00000001180da390 code [0x00000001180db600, 0x00000001180e8d90]
Event: 34.102 Thread 0x00007fa76593d000 1407       3       java.lang.String::<init> (10 bytes)
Event: 34.102 Thread 0x00007fa76593d000 nmethod 1407 0x00000001180ee910 code [0x00000001180eeac0, 0x00000001180eec00]
Event: 34.103 Thread 0x00007fa76593d000 1408       3       java.net.URI$Parser::scan (41 bytes)
Event: 34.105 Thread 0x00007fa76593d000 nmethod 1408 0x00000001180eed10 code [0x00000001180eef80, 0x00000001180ef890]
Event: 34.443 Thread 0x00007fa76593c800 1409 % !   4       com.stata.StUrlExtender::saveToFileU @ 326 (574 bytes)
Event: 34.483 Thread 0x00007fa76593c800 nmethod 1409% 0x000000011f40ad10 code [0x000000011f40b040, 0x000000011f40c9c0]
Event: 34.524 Thread 0x00007fa76593c800 1410   !   4       com.stata.StUrlExtender::saveToFileU (574 bytes)
Event: 34.680 Thread 0x00007fa76593c800 nmethod 1410 0x000000011f40d590 code [0x000000011f40ddc0, 0x000000011f4130c8]
Event: 10376.679 Thread 0x00007fa76593d000 1413       3       java.lang.String::copyValueOf (11 bytes)
Event: 10376.680 Thread 0x00007fa76593d000 nmethod 1413 0x00000001180efc90 code [0x00000001180efe60, 0x00000001180f0130]

GC Heap History (8 events):
Event: 1.144 GC heap before
{Heap before GC invocations=0 (full 0):
 garbage-first heap   total 131072K, used 18432K [0x0000000700000000, 0x0000000800000000)
  region size 1024K, 14 young (14336K), 0 survivors (0K)
 Metaspace       used 11741K, capacity 12039K, committed 12288K, reserved 1060864K
  class space    used 1114K, capacity 1221K, committed 1280K, reserved 1048576K
}
Event: 1.153 GC heap after
{Heap after GC invocations=1 (full 0):
 garbage-first heap   total 131072K, used 7730K [0x0000000700000000, 0x0000000800000000)
  region size 1024K, 2 young (2048K), 2 survivors (2048K)
 Metaspace       used 11741K, capacity 12039K, committed 12288K, reserved 1060864K
  class space    used 1114K, capacity 1221K, committed 1280K, reserved 1048576K
}
Event: 1.599 GC heap before
{Heap before GC invocations=1 (full 0):
 garbage-first heap   total 131072K, used 11826K [0x0000000700000000, 0x0000000800000000)
  region size 1024K, 6 young (6144K), 2 survivors (2048K)
 Metaspace       used 14170K, capacity 14451K, committed 14848K, reserved 1062912K
  class space    used 1410K, capacity 1513K, committed 1536K, reserved 1048576K
}
Event: 1.606 GC heap after
{Heap after GC invocations=2 (full 0):
 garbage-first heap   total 131072K, used 8427K [0x0000000700000000, 0x0000000800000000)
  region size 1024K, 1 young (1024K), 1 survivors (1024K)
 Metaspace       used 14170K, capacity 14451K, committed 14848K, reserved 1062912K
  class space    used 1410K, capacity 1513K, committed 1536K, reserved 1048576K
}
Event: 30.710 GC heap before
{Heap before GC invocations=2 (full 0):
 garbage-first heap   total 131072K, used 14571K [0x0000000700000000, 0x0000000800000000)
  region size 1024K, 8 young (8192K), 1 survivors (1024K)
 Metaspace       used 17187K, capacity 17591K, committed 17792K, reserved 1064960K
  class space    used 1758K, capacity 1903K, committed 1920K, reserved 1048576K
}
Event: 30.726 GC heap after
{Heap after GC invocations=3 (full 1):
 garbage-first heap   total 30720K, used 7927K [0x0000000700000000, 0x0000000800000000)
  region size 1024K, 0 young (0K), 0 survivors (0K)
 Metaspace       used 17187K, capacity 17591K, committed 17792K, reserved 1064960K
  class space    used 1758K, capacity 1903K, committed 1920K, reserved 1048576K
}
Event: 30.727 GC heap before
{Heap before GC invocations=3 (full 1):
 garbage-first heap   total 30720K, used 7927K [0x0000000700000000, 0x0000000800000000)
  region size 1024K, 0 young (0K), 0 survivors (0K)
 Metaspace       used 17187K, capacity 17591K, committed 17792K, reserved 1064960K
  class space    used 1758K, capacity 1903K, committed 1920K, reserved 1048576K
}
Event: 30.742 GC heap after
{Heap after GC invocations=4 (full 2):
 garbage-first heap   total 30720K, used 7927K [0x0000000700000000, 0x0000000800000000)
  region size 1024K, 0 young (0K), 0 survivors (0K)
 Metaspace       used 17187K, capacity 17591K, committed 17792K, reserved 1064960K
  class space    used 1758K, capacity 1903K, committed 1920K, reserved 1048576K
}

Deoptimization events (20 events):
Event: 1.958 Thread 0x00007fa75e90c000 DEOPT PACKING pc=0x000000011f3d5778 sp=0x00007000117928a0
Event: 1.958 Thread 0x00007fa75e90c000 DEOPT UNPACKING pc=0x00000001178f1b25 sp=0x0000700011792878 mode 2
Event: 1.958 Thread 0x00007fa75e90c000 Uncommon trap: trap_request=0xffffffde fr.pc=0x000000011f3ba5b4 relative=0x00000000000003d4
Event: 1.958 Thread 0x00007fa75e90c000 Uncommon trap: reason=class_check action=maybe_recompile pc=0x000000011f3ba5b4 method=java.util.HashSet.iterator()Ljava/util/Iterator; @ 4 c2
Event: 1.958 Thread 0x00007fa75e90c000 DEOPT PACKING pc=0x000000011f3ba5b4 sp=0x00007000117925d0
Event: 1.958 Thread 0x00007fa75e90c000 DEOPT UNPACKING pc=0x00000001178f1b25 sp=0x0000700011792598 mode 2
Event: 1.973 Thread 0x00007fa75e90c000 Uncommon trap: trap_request=0xffffff4d fr.pc=0x000000011f3d2abc relative=0x00000000000004bc
Event: 1.973 Thread 0x00007fa75e90c000 Uncommon trap: reason=unstable_if action=reinterpret pc=0x000000011f3d2abc method=java.util.regex.Pattern$Start.match(Ljava/util/regex/Matcher;ILjava/lang/CharSequence;)Z @ 10 c2
Event: 1.973 Thread 0x00007fa75e90c000 DEOPT PACKING pc=0x000000011f3d2abc sp=0x00007000117929f0
Event: 1.973 Thread 0x00007fa75e90c000 DEOPT UNPACKING pc=0x00000001178f1b25 sp=0x0000700011792950 mode 2
Event: 31.404 Thread 0x00007fa75e8f2800 Uncommon trap: trap_request=0xffffff4d fr.pc=0x000000011f407570 relative=0x0000000000000250
Event: 31.405 Thread 0x00007fa75e8f2800 Uncommon trap: reason=unstable_if action=reinterpret pc=0x000000011f407570 method=java.io.BufferedOutputStream.write(I)V @ 9 c2
Event: 31.405 Thread 0x00007fa75e8f2800 DEOPT PACKING pc=0x000000011f407570 sp=0x00007ffeed12afc0
Event: 31.405 Thread 0x00007fa75e8f2800 DEOPT UNPACKING pc=0x00000001178f1b25 sp=0x00007ffeed12af78 mode 2
Event: 34.524 Thread 0x00007fa75e8f2800 DEOPT PACKING pc=0x00000001180e5ec9 sp=0x00007ffeed126ab0
Event: 34.524 Thread 0x00007fa75e8f2800 DEOPT UNPACKING pc=0x00000001178f193a sp=0x00007ffeed126290 mode 0
Event: 10376.680 Thread 0x00007fa75e8f2800 Uncommon trap: trap_request=0xffffff7e fr.pc=0x000000011f40f348 relative=0x0000000000001588
Event: 10376.680 Thread 0x00007fa75e8f2800 Uncommon trap: reason=predicate action=maybe_recompile pc=0x000000011f40f348 method=com.stata.StUrlExtender.saveToFileU(Ljava/lang/String;Ljava/io/BufferedOutputStream;)I @ 335 c2
Event: 10376.680 Thread 0x00007fa75e8f2800 DEOPT PACKING pc=0x000000011f40f348 sp=0x00007ffeed119500
Event: 10376.680 Thread 0x00007fa75e8f2800 DEOPT UNPACKING pc=0x00000001178f1b25 sp=0x00007ffeed1194b8 mode 2

Classes redefined (0 events):
No events

Internal exceptions (16 events):
Event: 0.750 Thread 0x00007fa75e90c000 Exception <a 'java/lang/NoSuchMethodError'{0x00000007079cc148}: 'int java.lang.invoke.DirectMethodHandle$Holder.invokeSpecialIFC(java.lang.Object, java.lang.Object, int)'> (0x00000007079cc148) thrown at [./src/hotspot/share/interpreter/linkResolver.cpp, line 773]
Event: 0.793 Thread 0x00007fa75e90c000 Exception <a 'java/lang/NoSuchMethodError'{0x00000007079f3fa8}: 'int java.lang.invoke.DirectMethodHandle$Holder.invokeStaticInit(java.lang.Object, java.lang.Object, java.lang.Object, java.lang.Object)'> (0x00000007079f3fa8) thrown at [./src/hotspot/share/interpreter/linkResolver.cpp, line 773]
Event: 0.796 Thread 0x00007fa75e90c000 Exception <a 'java/lang/IncompatibleClassChangeError'{0x00000007079fdf88}: Found class java.lang.Object, but interface was expected> (0x00000007079fdf88) thrown at [./src/hotspot/share/interpreter/linkResolver.cpp, line 839]
Event: 0.798 Thread 0x00007fa75e90c000 Exception <a 'java/lang/NoSuchMethodError'{0x00000007078018f8}: 'void java.lang.invoke.DirectMethodHandle$Holder.invokeStaticInit(java.lang.Object, java.lang.Object)'> (0x00000007078018f8) thrown at [./src/hotspot/share/interpreter/linkResolver.cpp, line 773]
Event: 0.802 Thread 0x00007fa75e90c000 Exception <a 'java/lang/NoSuchMethodError'{0x0000000707807bd8}: 'int java.lang.invoke.DirectMethodHandle$Holder.invokeStaticInit(java.lang.Object, java.lang.Object)'> (0x0000000707807bd8) thrown at [./src/hotspot/share/interpreter/linkResolver.cpp, line 773]
Event: 30.555 Thread 0x00007fa75e8f2800 Exception <a 'java/lang/ClassNotFoundException'{0x0000000707904cd0}: sun/awt/resources/spi/awtProvider> (0x0000000707904cd0) thrown at [./src/hotspot/share/classfile/systemDictionary.cpp, line 234]
Event: 30.605 Thread 0x00007fa75e8f2800 Exception <a 'java/io/FileNotFoundException'{0x00000007079714e8}> (0x00000007079714e8) thrown at [./src/hotspot/share/prims/jni.cpp, line 615]
Event: 30.623 Thread 0x00007fa75e8f2800 Exception <a 'java/lang/NoSuchMethodError'{0x00000007079cc340}: 'java.lang.Object java.lang.invoke.DirectMethodHandle$Holder.invokeStatic(java.lang.Object, java.lang.Object, java.lang.Object, java.lang.Object, java.lang.Object, java.lang.Object, java.lang.Object, java.lang.Object, java.lang.Object, java.lang.Object, java.lang.Object, java.lang.Object, java.lang.Object, java.lang.Object, java.lang.Object)'> (0x00000007079cc340) thrown at [./src/hotspot/share/interpreter/linkResolver.cpp, line 773]
Event: 30.626 Thread 0x00007fa75e8f2800 Exception <a 'java/lang/NoSuchMethodError'{0x00000007079d9ef0}: 'java.lang.Object java.lang.invoke.DirectMethodHandle$Holder.invokeStatic(java.lang.Object, java.lang.Object, java.lang.Object, java.lang.Object, java.lang.Object, java.lang.Object, java.lang.Object, java.lang.Object, java.lang.Object, java.lang.Object, java.lang.Object, java.lang.Object, java.lang.Object, java.lang.Object, java.lang.Object, java.lang.Object)'> (0x00000007079d9ef0) thrown at [./src/hotspot/share/interpreter/linkResolver.cpp, l
Event: 30.629 Thread 0x00007fa75e8f2800 Exception <a 'java/lang/NoSuchMethodError'{0x00000007079e7dd0}: 'java.lang.Object java.lang.invoke.DirectMethodHandle$Holder.invokeSpecial(java.lang.Object, java.lang.Object, int, int, java.lang.Object, java.lang.Object, java.lang.Object)'> (0x00000007079e7dd0) thrown at [./src/hotspot/share/interpreter/linkResolver.cpp, line 773]
Event: 30.629 Thread 0x00007fa75e8f2800 Exception <a 'java/lang/NoSuchMethodError'{0x00000007079eb360}: 'java.lang.Object java.lang.invoke.DelegatingMethodHandle$Holder.reinvoke_L(java.lang.Object, int, int, java.lang.Object, java.lang.Object, java.lang.Object)'> (0x00000007079eb360) thrown at [./src/hotspot/share/interpreter/linkResolver.cpp, line 773]
Event: 30.630 Thread 0x00007fa75e8f2800 Exception <a 'java/lang/NoSuchMethodError'{0x00000007079ef440}: 'java.lang.Object java.lang.invoke.DirectMethodHandle$Holder.invokeStatic(java.lang.Object, java.lang.Object, java.lang.Object, java.lang.Object, int)'> (0x00000007079ef440) thrown at [./src/hotspot/share/interpreter/linkResolver.cpp, line 773]
Event: 30.647 Thread 0x00007fa75e8f2800 Exception <a 'java/io/FileNotFoundException'{0x00000007078521a8}> (0x00000007078521a8) thrown at [./src/hotspot/share/prims/jni.cpp, line 615]
Event: 30.654 Thread 0x00007fa75e8f2800 Exception <a 'java/lang/ClassNotFoundException'{0x00000007078539f0}: sun/awt/resources/spi/awtosxProvider> (0x00000007078539f0) thrown at [./src/hotspot/share/classfile/systemDictionary.cpp, line 234]
Event: 30.683 Thread 0x00007fa75e8f2800 Exception <a 'java/lang/NoSuchMethodError'{0x0000000707886df8}: 'java.lang.Object java.lang.invoke.DirectMethodHandle$Holder.invokeStatic(java.lang.Object, java.lang.Object, java.lang.Object, java.lang.Object, java.lang.Object, java.lang.Object, java.lang.Object, java.lang.Object, int)'> (0x0000000707886df8) thrown at [./src/hotspot/share/interpreter/linkResolver.cpp, line 773]
Event: 30.686 Thread 0x00007fa75e8f2800 Exception <a 'java/lang/NoSuchMethodError'{0x00000007078a0fa0}: 'java.lang.Object java.lang.invoke.DirectMethodHandle$Holder.invokeStatic(java.lang.Object, java.lang.Object, java.lang.Object, java.lang.Object, java.lang.Object, java.lang.Object, java.lang.Object, java.lang.Object, int, int)'> (0x00000007078a0fa0) thrown at [./src/hotspot/share/interpreter/linkResolver.cpp, line 773]

Events (20 events):
Event: 31.751 Protecting memory [0x0000700011d29000,0x0000700011d2d000] with protection modes 3
Event: 31.751 Thread 0x00007fa75d837000 Thread exited: 0x00007fa75d837000
Event: 31.971 Loaded shared library /Applications/Stata/StataSE.app/Contents/MacOS/StataSE
Event: 5270.722 Loaded shared library /Applications/Stata/utilities/java/macosx-x64/zulu-jdk11.0.10/zulu-11.jdk/Contents/Home/lib/server/libjvm.dylib
Event: 10376.685 Thread 0x00007fa767a5a800 Thread added: 0x00007fa767a5a800
Event: 10376.685 Protecting memory [0x0000700011594000,0x0000700011598000] with protection modes 0
Event: 10381.687 Executing VM operation: RevokeBias
Event: 10381.687 Executing VM operation: RevokeBias done
Event: 10381.687 Executing VM operation: RevokeBias
Event: 10381.687 Executing VM operation: RevokeBias done
Event: 10381.687 Executing VM operation: RevokeBias
Event: 10381.687 Executing VM operation: RevokeBias done
Event: 10381.687 Executing VM operation: RevokeBias
Event: 10381.687 Executing VM operation: RevokeBias done
Event: 10381.688 Executing VM operation: RevokeBias
Event: 10381.688 Executing VM operation: RevokeBias done
Event: 10381.688 Executing VM operation: RevokeBias
Event: 10381.688 Executing VM operation: RevokeBias done
Event: 10381.688 Protecting memory [0x0000700011594000,0x0000700011598000] with protection modes 3
Event: 10381.688 Thread 0x00007fa767a5a800 Thread exited: 0x00007fa767a5a800


Dynamic libraries:
0x00007fff679cc000 	/usr/lib/libSystem.B.dylib
0x00007fff2ec54000 	/System/Library/Frameworks/ApplicationServices.framework/Versions/A/ApplicationServices
0x00007fff2fcee000 	/System/Library/Frameworks/Cocoa.framework/Versions/A/Cocoa
0x00007fff3c549000 	/System/Library/Frameworks/QuartzCore.framework/Versions/A/QuartzCore
0x00007fff3d350000 	/System/Library/Frameworks/Security.framework/Versions/A/Security
0x00007fff3d69c000 	/System/Library/Frameworks/SecurityFoundation.framework/Versions/A/SecurityFoundation
0x00007fff3e403000 	/System/Library/Frameworks/SystemConfiguration.framework/Versions/A/SystemConfiguration
0x00007fff41938000 	/System/Library/Frameworks/WebKit.framework/Versions/A/WebKit
0x0000000107680000 	/Applications/Stata/StataSE.app/Contents/Frameworks/Scintilla.framework/Versions/A/Scintilla
0x00007fff67d48000 	/usr/lib/libc++.1.dylib
0x00007fff69f98000 	/usr/lib/libz.1.dylib
0x00007fff33285000 	/System/Library/Frameworks/Foundation.framework/Versions/C/Foundation
0x00007fff698c5000 	/usr/lib/libobjc.A.dylib
0x00007fff2de46000 	/System/Library/Frameworks/AppKit.framework/Versions/C/AppKit
0x00007fff30ba1000 	/System/Library/Frameworks/CoreFoundation.framework/Versions/A/CoreFoundation
0x00007fff31024000 	/System/Library/Frameworks/CoreGraphics.framework/Versions/A/CoreGraphics
0x00007fff31fae000 	/System/Library/Frameworks/CoreServices.framework/Versions/A/CoreServices
0x00007fff32a22000 	/System/Library/Frameworks/CoreText.framework/Versions/A/CoreText
0x00007fff6a859000 	/usr/lib/system/libcache.dylib
0x00007fff6a85f000 	/usr/lib/system/libcommonCrypto.dylib
0x00007fff6a86b000 	/usr/lib/system/libcompiler_rt.dylib
0x00007fff6a873000 	/usr/lib/system/libcopyfile.dylib
0x00007fff6a87d000 	/usr/lib/system/libcorecrypto.dylib
0x00007fff6aa1c000 	/usr/lib/system/libdispatch.dylib
0x00007fff6aa5d000 	/usr/lib/system/libdyld.dylib
0x00007fff6aa94000 	/usr/lib/system/libkeymgr.dylib
0x00007fff6aaa2000 	/usr/lib/system/liblaunch.dylib
0x00007fff6aaa3000 	/usr/lib/system/libmacho.dylib
0x00007fff6aaa9000 	/usr/lib/system/libquarantine.dylib
0x00007fff6aaac000 	/usr/lib/system/libremovefile.dylib
0x00007fff6aaae000 	/usr/lib/system/libsystem_asl.dylib
0x00007fff6aac6000 	/usr/lib/system/libsystem_blocks.dylib
0x00007fff6aac7000 	/usr/lib/system/libsystem_c.dylib
0x00007fff6ab4f000 	/usr/lib/system/libsystem_configuration.dylib
0x00007fff6ab53000 	/usr/lib/system/libsystem_coreservices.dylib
0x00007fff6ab57000 	/usr/lib/system/libsystem_darwin.dylib
0x00007fff6ab60000 	/usr/lib/system/libsystem_dnssd.dylib
0x00007fff6ab68000 	/usr/lib/system/libsystem_featureflags.dylib
0x00007fff6ab6a000 	/usr/lib/system/libsystem_info.dylib
0x00007fff6abe5000 	/usr/lib/system/libsystem_m.dylib
0x00007fff6ac31000 	/usr/lib/system/libsystem_malloc.dylib
0x00007fff6ac59000 	/usr/lib/system/libsystem_networkextension.dylib
0x00007fff6ac67000 	/usr/lib/system/libsystem_notify.dylib
0x00007fff6ac85000 	/usr/lib/system/libsystem_sandbox.dylib
0x00007fff6ac8a000 	/usr/lib/system/libsystem_secinit.dylib
0x00007fff6abb8000 	/usr/lib/system/libsystem_kernel.dylib
0x00007fff6ac71000 	/usr/lib/system/libsystem_platform.dylib
0x00007fff6ac7a000 	/usr/lib/system/libsystem_pthread.dylib
0x00007fff6ac8d000 	/usr/lib/system/libsystem_symptoms.dylib
0x00007fff6ac95000 	/usr/lib/system/libsystem_trace.dylib
0x00007fff6acad000 	/usr/lib/system/libunwind.dylib
0x00007fff6acb3000 	/usr/lib/system/libxpc.dylib
0x00007fff67d9b000 	/usr/lib/libc++abi.dylib
0x00007fff33af4000 	/System/Library/Frameworks/ImageIO.framework/Versions/A/ImageIO
0x00007fff2fcfc000 	/System/Library/Frameworks/ColorSync.framework/Versions/A/ColorSync
0x00007fff2ec55000 	/System/Library/Frameworks/ApplicationServices.framework/Versions/A/Frameworks/ATS.framework/Versions/A/ATS
0x00007fff2ee22000 	/System/Library/Frameworks/ApplicationServices.framework/Versions/A/Frameworks/ColorSyncLegacy.framework/Versions/A/ColorSyncLegacy
0x00007fff2eec0000 	/System/Library/Frameworks/ApplicationServices.framework/Versions/A/Frameworks/HIServices.framework/Versions/A/HIServices
0x00007fff2ef18000 	/System/Library/Frameworks/ApplicationServices.framework/Versions/A/Frameworks/LangAnalysis.framework/Versions/A/LangAnalysis
0x00007fff2ef27000 	/System/Library/Frameworks/ApplicationServices.framework/Versions/A/Frameworks/PrintCore.framework/Versions/A/PrintCore
0x00007fff2ef6d000 	/System/Library/Frameworks/ApplicationServices.framework/Versions/A/Frameworks/QD.framework/Versions/A/QD
0x00007fff2ef78000 	/System/Library/Frameworks/ApplicationServices.framework/Versions/A/Frameworks/SpeechSynthesis.framework/Versions/A/SpeechSynthesis
0x00007fff5fe19000 	/System/Library/PrivateFrameworks/SkyLight.framework/Versions/A/SkyLight
0x00007fff4d14f000 	/System/Library/PrivateFrameworks/FontServices.framework/libFontParser.dylib
0x00007fff2c7b5000 	/System/Library/Frameworks/Accelerate.framework/Versions/A/Accelerate
0x00007fff33a64000 	/System/Library/Frameworks/IOSurface.framework/Versions/A/IOSurface
0x00007fff69e89000 	/usr/lib/libxml2.2.dylib
0x00007fff2f400000 	/System/Library/Frameworks/CFNetwork.framework/Versions/A/CFNetwork
0x00007fff6390b000 	/System/Library/PrivateFrameworks/WatchdogClient.framework/Versions/A/WatchdogClient
0x00007fff67dc4000 	/usr/lib/libcompression.dylib
0x00007fff674f6000 	/usr/lib/libDiagnosticMessagesClient.dylib
0x00007fff30a6e000 	/System/Library/Frameworks/CoreDisplay.framework/Versions/A/CoreDisplay
0x00007fff5573b000 	/System/Library/PrivateFrameworks/IOAccelerator.framework/Versions/A/IOAccelerator
0x00007fff339be000 	/System/Library/Frameworks/IOKit.framework/Versions/A/IOKit
0x00007fff36144000 	/System/Library/Frameworks/Metal.framework/Versions/A/Metal
0x00007fff364df000 	/System/Library/Frameworks/MetalPerformanceShaders.framework/Versions/A/MetalPerformanceShaders
0x00007fff57c96000 	/System/Library/PrivateFrameworks/MultitouchSupport.framework/Versions/A/MultitouchSupport
0x00007fff67d2a000 	/usr/lib/libbsm.0.dylib
0x00007fff68ba2000 	/usr/lib/liblzma.5.dylib
0x00007fff67c64000 	/usr/lib/libauto.dylib
0x00007fff6881d000 	/usr/lib/libfakelink.dylib
0x00007fff32f43000 	/System/Library/Frameworks/DiskArbitration.framework/Versions/A/DiskArbitration
0x00007fff67abe000 	/usr/lib/libarchive.2.dylib
0x00007fff6892f000 	/usr/lib/libicucore.A.dylib
0x00007fff68ba0000 	/usr/lib/liblangid.dylib
0x00007fff67429000 	/usr/lib/libCRFSuite.dylib
0x00007fff687f4000 	/usr/lib/libenergytrace.dylib
0x00007fff6aa95000 	/usr/lib/system/libkxld.dylib
0x00007fff4431f000 	/System/Library/PrivateFrameworks/AppleFSCompression.framework/Versions/A/AppleFSCompression
0x00007fff680b6000 	/usr/lib/libcoretls.dylib
0x00007fff680cd000 	/usr/lib/libcoretls_cfhelpers.dylib
0x00007fff6990a000 	/usr/lib/libpam.2.dylib
0x00007fff69a3f000 	/usr/lib/libsqlite3.dylib
0x00007fff69e76000 	/usr/lib/libxar.1.dylib
0x00007fff67d3b000 	/usr/lib/libbz2.1.0.dylib
0x00007fff6883e000 	/usr/lib/libiconv.2.dylib
0x00007fff67db1000 	/usr/lib/libcharset.1.dylib
0x00007fff693a8000 	/usr/lib/libnetwork.dylib
0x00007fff69911000 	/usr/lib/libpcap.A.dylib
0x00007fff67a73000 	/usr/lib/libapple_nghttp2.dylib
0x00007fff32365000 	/System/Library/Frameworks/CoreServices.framework/Versions/A/Frameworks/FSEvents.framework/Versions/A/FSEvents
0x00007fff32035000 	/System/Library/Frameworks/CoreServices.framework/Versions/A/Frameworks/CarbonCore.framework/Versions/A/CarbonCore
0x00007fff325aa000 	/System/Library/Frameworks/CoreServices.framework/Versions/A/Frameworks/Metadata.framework/Versions/A/Metadata
0x00007fff32643000 	/System/Library/Frameworks/CoreServices.framework/Versions/A/Frameworks/OSServices.framework/Versions/A/OSServices
0x00007fff32671000 	/System/Library/Frameworks/CoreServices.framework/Versions/A/Frameworks/SearchKit.framework/Versions/A/SearchKit
0x00007fff31faf000 	/System/Library/Frameworks/CoreServices.framework/Versions/A/Frameworks/AE.framework/Versions/A/AE
0x00007fff3236e000 	/System/Library/Frameworks/CoreServices.framework/Versions/A/Frameworks/LaunchServices.framework/Versions/A/LaunchServices
0x00007fff32317000 	/System/Library/Frameworks/CoreServices.framework/Versions/A/Frameworks/DictionaryServices.framework/Versions/A/DictionaryServices
0x00007fff326d9000 	/System/Library/Frameworks/CoreServices.framework/Versions/A/Frameworks/SharedFileList.framework/Versions/A/SharedFileList
0x00007fff3739b000 	/System/Library/Frameworks/NetFS.framework/Versions/A/NetFS
0x00007fff581c6000 	/System/Library/PrivateFrameworks/NetAuth.framework/Versions/A/NetAuth
0x00007fff64909000 	/System/Library/PrivateFrameworks/login.framework/Versions/A/Frameworks/loginsupport.framework/Versions/A/loginsupport
0x00007fff6145e000 	/System/Library/PrivateFrameworks/TCC.framework/Versions/A/TCC
0x00007fff48f54000 	/System/Library/PrivateFrameworks/CoreNLP.framework/Versions/A/CoreNLP
0x00007fff5756c000 	/System/Library/PrivateFrameworks/MetadataUtilities.framework/Versions/A/MetadataUtilities
0x00007fff68c7a000 	/usr/lib/libmecabra.dylib
0x00007fff68bd2000 	/usr/lib/libmecab.dylib
0x00007fff6882e000 	/usr/lib/libgermantok.dylib
0x00007fff67a5a000 	/usr/lib/libThaiTokenizer.dylib
0x00007fff67460000 	/usr/lib/libChineseTokenizer.dylib
0x00007fff2c7ce000 	/System/Library/Frameworks/Accelerate.framework/Versions/A/Frameworks/vImage.framework/Versions/A/vImage
0x00007fff2dc9c000 	/System/Library/Frameworks/Accelerate.framework/Versions/A/Frameworks/vecLib.framework/Versions/A/vecLib
0x00007fff2db1d000 	/System/Library/Frameworks/Accelerate.framework/Versions/A/Frameworks/vecLib.framework/Versions/A/libvMisc.dylib
0x00007fff2d98a000 	/System/Library/Frameworks/Accelerate.framework/Versions/A/Frameworks/vecLib.framework/Versions/A/libvDSP.dylib
0x00007fff2d06a000 	/System/Library/Frameworks/Accelerate.framework/Versions/A/Frameworks/vecLib.framework/Versions/A/libBLAS.dylib
0x00007fff2d542000 	/System/Library/Frameworks/Accelerate.framework/Versions/A/Frameworks/vecLib.framework/Versions/A/libLAPACK.dylib
0x00007fff2d8ea000 	/System/Library/Frameworks/Accelerate.framework/Versions/A/Frameworks/vecLib.framework/Versions/A/libLinearAlgebra.dylib
0x00007fff2d977000 	/System/Library/Frameworks/Accelerate.framework/Versions/A/Frameworks/vecLib.framework/Versions/A/libSparseBLAS.dylib
0x00007fff2d900000 	/System/Library/Frameworks/Accelerate.framework/Versions/A/Frameworks/vecLib.framework/Versions/A/libQuadrature.dylib
0x00007fff2d200000 	/System/Library/Frameworks/Accelerate.framework/Versions/A/Frameworks/vecLib.framework/Versions/A/libBNNS.dylib
0x00007fff2d906000 	/System/Library/Frameworks/Accelerate.framework/Versions/A/Frameworks/vecLib.framework/Versions/A/libSparse.dylib
0x00007fff560e0000 	/System/Library/PrivateFrameworks/LanguageModeling.framework/Versions/A/LanguageModeling
0x00007fff48903000 	/System/Library/PrivateFrameworks/CoreEmoji.framework/Versions/A/CoreEmoji
0x00007fff561fe000 	/System/Library/PrivateFrameworks/LinguisticData.framework/Versions/A/LinguisticData
0x00007fff561af000 	/System/Library/PrivateFrameworks/Lexicon.framework/Versions/A/Lexicon
0x00007fff67db2000 	/usr/lib/libcmph.dylib
0x00007fff39f8a000 	/System/Library/Frameworks/OpenDirectory.framework/Versions/A/Frameworks/CFOpenDirectory.framework/Versions/A/CFOpenDirectory
0x00007fff39fa7000 	/System/Library/Frameworks/OpenDirectory.framework/Versions/A/OpenDirectory
0x00007fff423ed000 	/System/Library/PrivateFrameworks/APFS.framework/Versions/A/APFS
0x00007fff69e72000 	/usr/lib/libutil.dylib
0x00007fff49e39000 	/System/Library/PrivateFrameworks/CoreServicesStore.framework/Versions/A/CoreServicesStore
0x00007fff3d753000 	/System/Library/Frameworks/ServiceManagement.framework/Versions/A/ServiceManagement
0x00007fff45af1000 	/System/Library/PrivateFrameworks/BackgroundTaskManagement.framework/Versions/A/BackgroundTaskManagement
0x00007fff69f6f000 	/usr/lib/libxslt.1.dylib
0x00007fff51ecb000 	/System/Library/PrivateFrameworks/GPUWrangler.framework/Versions/A/GPUWrangler
0x00007fff55750000 	/System/Library/PrivateFrameworks/IOPresentment.framework/Versions/A/IOPresentment
0x00007fff4a9b9000 	/System/Library/PrivateFrameworks/DSExternalDisplay.framework/Versions/A/DSExternalDisplay
0x00007fff3a91b000 	/System/Library/Frameworks/OpenGL.framework/Versions/A/Libraries/libCoreFSCache.dylib
0x00007fff3622b000 	/System/Library/Frameworks/MetalPerformanceShaders.framework/Frameworks/MPSCore.framework/Versions/A/MPSCore
0x00007fff36269000 	/System/Library/Frameworks/MetalPerformanceShaders.framework/Frameworks/MPSImage.framework/Versions/A/MPSImage
0x00007fff36330000 	/System/Library/Frameworks/MetalPerformanceShaders.framework/Frameworks/MPSNeuralNetwork.framework/Versions/A/MPSNeuralNetwork
0x00007fff362f4000 	/System/Library/Frameworks/MetalPerformanceShaders.framework/Frameworks/MPSMatrix.framework/Versions/A/MPSMatrix
0x00007fff3648f000 	/System/Library/Frameworks/MetalPerformanceShaders.framework/Frameworks/MPSRayIntersector.framework/Versions/A/MPSRayIntersector
0x00007fff3631a000 	/System/Library/Frameworks/MetalPerformanceShaders.framework/Frameworks/MPSNDArray.framework/Versions/A/MPSNDArray
0x00007fff575b9000 	/System/Library/PrivateFrameworks/MetalTools.framework/Versions/A/MetalTools
0x00007fff435c7000 	/System/Library/PrivateFrameworks/AggregateDictionary.framework/Versions/A/AggregateDictionary
0x00007fff4834b000 	/System/Library/PrivateFrameworks/CoreAnalytics.framework/Versions/A/CoreAnalytics
0x00007fff448b1000 	/System/Library/PrivateFrameworks/AppleSauce.framework/Versions/A/AppleSauce
0x00007fff6783a000 	/usr/lib/libMobileGestalt.dylib
0x00007fff44993000 	/System/Library/PrivateFrameworks/AppleSystemInfo.framework/Versions/A/AppleSystemInfo
0x00007fff6771c000 	/usr/lib/libIOReport.dylib
0x00007fff316ca000 	/System/Library/Frameworks/CoreImage.framework/Versions/A/CoreImage
0x00007fff32bda000 	/System/Library/Frameworks/CoreVideo.framework/Versions/A/CoreVideo
0x00007fff3b57c000 	/System/Library/Frameworks/OpenGL.framework/Versions/A/OpenGL
0x00007fff53344000 	/System/Library/PrivateFrameworks/GraphVisualizer.framework/Versions/A/GraphVisualizer
0x00007fff4c695000 	/System/Library/PrivateFrameworks/FaceCore.framework/Versions/A/FaceCore
0x00007fff39f31000 	/System/Library/Frameworks/OpenCL.framework/Versions/A/OpenCL
0x00007fff6753e000 	/usr/lib/libFosl_dynamic.dylib
0x00007fff58be7000 	/System/Library/PrivateFrameworks/OTSVG.framework/Versions/A/OTSVG
0x00007fff2ed59000 	/System/Library/Frameworks/ApplicationServices.framework/Versions/A/Frameworks/ATS.framework/Versions/A/Resources/libFontRegistry.dylib
0x00007fff67b31000 	/usr/lib/libate.dylib
0x00007fff33d13000 	/System/Library/Frameworks/ImageIO.framework/Versions/A/Resources/libJPEG.dylib
0x00007fff33fd2000 	/System/Library/Frameworks/ImageIO.framework/Versions/A/Resources/libTIFF.dylib
0x00007fff33fb5000 	/System/Library/Frameworks/ImageIO.framework/Versions/A/Resources/libPng.dylib
0x00007fff33c55000 	/System/Library/Frameworks/ImageIO.framework/Versions/A/Resources/libGIF.dylib
0x00007fff33c59000 	/System/Library/Frameworks/ImageIO.framework/Versions/A/Resources/libJP2.dylib
0x00007fff33fd0000 	/System/Library/Frameworks/ImageIO.framework/Versions/A/Resources/libRadiance.dylib
0x00007fff687f5000 	/usr/lib/libexpat.1.dylib
0x00007fff4447a000 	/System/Library/PrivateFrameworks/AppleJPEG.framework/Versions/A/AppleJPEG
0x00007fff4d31f000 	/System/Library/PrivateFrameworks/FontServices.framework/libhvf.dylib
0x00007fff3a926000 	/System/Library/Frameworks/OpenGL.framework/Versions/A/Libraries/libGFXShared.dylib
0x00007fff3ab04000 	/System/Library/Frameworks/OpenGL.framework/Versions/A/Libraries/libGLU.dylib
0x00007fff3a92f000 	/System/Library/Frameworks/OpenGL.framework/Versions/A/Libraries/libGL.dylib
0x00007fff3a93a000 	/System/Library/Frameworks/OpenGL.framework/Versions/A/Libraries/libGLImage.dylib
0x00007fff3a918000 	/System/Library/Frameworks/OpenGL.framework/Versions/A/Libraries/libCVMSPluginSupport.dylib
0x00007fff3a921000 	/System/Library/Frameworks/OpenGL.framework/Versions/A/Libraries/libCoreVMClient.dylib
0x00007fff69249000 	/usr/lib/libncurses.5.4.dylib
0x00007fff2edf2000 	/System/Library/Frameworks/ApplicationServices.framework/Versions/A/Frameworks/ATSUI.framework/Versions/A/ATSUI
0x00007fff6868b000 	/usr/lib/libcups.2.dylib
0x00007fff3557a000 	/System/Library/Frameworks/Kerberos.framework/Versions/A/Kerberos
0x00007fff336b7000 	/System/Library/Frameworks/GSS.framework/Versions/A/GSS
0x00007fff699cb000 	/usr/lib/libresolv.9.dylib
0x00007fff534f1000 	/System/Library/PrivateFrameworks/Heimdal.framework/Versions/A/Heimdal
0x00007fff3558d000 	/System/Library/Frameworks/Kerberos.framework/Versions/A/Libraries/libHeimdalProxy.dylib
0x00007fff68834000 	/usr/lib/libheimdal-asn1.dylib
0x00007fff477e3000 	/System/Library/PrivateFrameworks/CommonAuth.framework/Versions/A/CommonAuth
0x00007fff300dd000 	/System/Library/Frameworks/CoreAudio.framework/Versions/A/CoreAudio
0x00007fff2ef86000 	/System/Library/Frameworks/AudioToolbox.framework/Versions/A/AudioToolbox
0x00007fff44a30000 	/System/Library/PrivateFrameworks/AssertionServices.framework/Versions/A/AssertionServices
0x00007fff455d3000 	/System/Library/PrivateFrameworks/AudioToolboxCore.framework/Versions/A/AudioToolboxCore
0x00007fff645b9000 	/System/Library/PrivateFrameworks/caulk.framework/Versions/A/caulk
0x00007fff45b9d000 	/System/Library/PrivateFrameworks/BaseBoard.framework/Versions/A/BaseBoard
0x00007fff5ce4b000 	/System/Library/PrivateFrameworks/RunningBoardServices.framework/Versions/A/RunningBoardServices
0x00007fff59e5c000 	/System/Library/PrivateFrameworks/PersistentConnection.framework/Versions/A/PersistentConnection
0x00007fff5c844000 	/System/Library/PrivateFrameworks/ProtocolBuffer.framework/Versions/A/ProtocolBuffer
0x00007fff47807000 	/System/Library/PrivateFrameworks/CommonUtilities.framework/Versions/A/CommonUtilities
0x00007fff45d2b000 	/System/Library/PrivateFrameworks/Bom.framework/Versions/A/Bom
0x00007fff673ef000 	/usr/lib/libAudioToolboxUtility.dylib
0x00007fff30672000 	/System/Library/Frameworks/CoreData.framework/Versions/A/CoreData
0x00007fff61c29000 	/System/Library/PrivateFrameworks/UIFoundation.framework/Versions/A/UIFoundation
0x00007fff5ccbd000 	/System/Library/PrivateFrameworks/RemoteViewServices.framework/Versions/A/RemoteViewServices
0x00007fff6453c000 	/System/Library/PrivateFrameworks/XCTTargetBootstrap.framework/Versions/A/XCTTargetBootstrap
0x00007fff4ab4c000 	/System/Library/PrivateFrameworks/DesktopServicesPriv.framework/Versions/A/DesktopServicesPriv
0x00007fff49de1000 	/System/Library/PrivateFrameworks/CoreSVG.framework/Versions/A/CoreSVG
0x00007fff55aef000 	/System/Library/PrivateFrameworks/IconServices.framework/Versions/A/IconServices
0x00007fff4a9a6000 	/System/Library/PrivateFrameworks/DFRFoundation.framework/Versions/A/DFRFoundation
0x00007fff2f069000 	/System/Library/Frameworks/AudioUnit.framework/Versions/A/AudioUnit
0x00007fff4aa48000 	/System/Library/PrivateFrameworks/DataDetectorsCore.framework/Versions/A/DataDetectorsCore
0x00007fff2f80f000 	/System/Library/Frameworks/Carbon.framework/Versions/A/Frameworks/HIToolbox.framework/Versions/A/HIToolbox
0x00007fff2fb4e000 	/System/Library/Frameworks/Carbon.framework/Versions/A/Frameworks/SpeechRecognition.framework/Versions/A/SpeechRecognition
0x00007fff4a4ba000 	/System/Library/PrivateFrameworks/CoreUI.framework/Versions/A/CoreUI
0x00007fff59e50000 	/System/Library/PrivateFrameworks/PerformanceAnalysis.framework/Versions/A/PerformanceAnalysis
0x00007fff61993000 	/System/Library/PrivateFrameworks/TextureIO.framework/Versions/A/TextureIO
0x00007fff55cf8000 	/System/Library/PrivateFrameworks/InternationalSupport.framework/Versions/A/InternationalSupport
0x00007fff45afb000 	/System/Library/PrivateFrameworks/Backup.framework/Versions/A/Backup
0x00007fff4a8da000 	/System/Library/PrivateFrameworks/CrashReporterSupport.framework/Versions/A/CrashReporterSupport
0x00007fff5e8dd000 	/System/Library/PrivateFrameworks/Sharing.framework/Versions/A/Sharing
0x00007fff4403d000 	/System/Library/PrivateFrameworks/Apple80211.framework/Versions/A/Apple80211
0x00007fff45818000 	/System/Library/PrivateFrameworks/AuthKit.framework/Versions/A/AuthKit
0x00007fff4a5e7000 	/System/Library/PrivateFrameworks/CoreUtils.framework/Versions/A/CoreUtils
0x00007fff32c1f000 	/System/Library/Frameworks/CoreWLAN.framework/Versions/A/CoreWLAN
0x00007fff33844000 	/System/Library/Frameworks/IOBluetooth.framework/Versions/A/IOBluetooth
0x00007fff57a15000 	/System/Library/PrivateFrameworks/MobileKeyBag.framework/Versions/A/MobileKeyBag
0x00007fff493ec000 	/System/Library/PrivateFrameworks/CorePhoneNumbers.framework/Versions/A/CorePhoneNumbers
0x00007fff4442d000 	/System/Library/PrivateFrameworks/AppleIDAuthSupport.framework/Versions/A/AppleIDAuthSupport
0x00007fff373a8000 	/System/Library/Frameworks/Network.framework/Versions/A/Network
0x00007fff55f8c000 	/System/Library/PrivateFrameworks/KeychainCircle.framework/Versions/A/KeychainCircle
0x00007fff30639000 	/System/Library/Frameworks/CoreBluetooth.framework/Versions/A/CoreBluetooth
0x00007fff6095c000 	/System/Library/PrivateFrameworks/SpeechRecognitionCore.framework/Versions/A/SpeechRecognitionCore
0x00007fff4172b000 	/System/Library/Frameworks/WebKit.framework/Versions/A/Frameworks/WebKitLegacy.framework/Versions/A/WebKitLegacy
0x00007fff3f4c0000 	/System/Library/Frameworks/WebKit.framework/Versions/A/Frameworks/WebCore.framework/Versions/A/WebCore
0x00007fff672fd000 	/usr/lib/libAccessibility.dylib
0x00007fff2f80a000 	/System/Library/Frameworks/Carbon.framework/Versions/A/Carbon
0x00007fff493f5000 	/System/Library/PrivateFrameworks/CorePrediction.framework/Versions/A/CorePrediction
0x00007fff4acea000 	/System/Library/PrivateFrameworks/DeviceIdentity.framework/Versions/A/DeviceIdentity
0x00007fff699e5000 	/usr/lib/libsandbox.1.dylib
0x00007fff3ed22000 	/System/Library/Frameworks/WebKit.framework/Versions/A/Frameworks/WebCore.framework/Versions/A/Frameworks/libwebrtc.dylib
0x00007fff5dbaf000 	/System/Library/PrivateFrameworks/SafariSafeBrowsing.framework/Versions/A/SafariSafeBrowsing
0x00007fff3d725000 	/System/Library/Frameworks/SecurityInterface.framework/Versions/A/SecurityInterface
0x00007fff61f18000 	/System/Library/PrivateFrameworks/URLFormatting.framework/Versions/A/URLFormatting
0x00007fff63adf000 	/System/Library/PrivateFrameworks/WebInspectorUI.framework/Versions/A/WebInspectorUI
0x00007fff344c3000 	/System/Library/Frameworks/JavaScriptCore.framework/Versions/A/JavaScriptCore
0x00007fff2f80b000 	/System/Library/Frameworks/Carbon.framework/Versions/A/Frameworks/CommonPanels.framework/Versions/A/CommonPanels
0x00007fff2fb04000 	/System/Library/Frameworks/Carbon.framework/Versions/A/Frameworks/Help.framework/Versions/A/Help
0x00007fff2fb08000 	/System/Library/Frameworks/Carbon.framework/Versions/A/Frameworks/ImageCapture.framework/Versions/A/ImageCapture
0x00007fff2fb0f000 	/System/Library/Frameworks/Carbon.framework/Versions/A/Frameworks/OpenScripting.framework/Versions/A/OpenScripting
0x00007fff2fb0e000 	/System/Library/Frameworks/Carbon.framework/Versions/A/Frameworks/Ink.framework/Versions/A/Ink
0x00007fff2fb4a000 	/System/Library/Frameworks/Carbon.framework/Versions/A/Frameworks/Print.framework/Versions/A/Print
0x00007fff2fb4b000 	/System/Library/Frameworks/Carbon.framework/Versions/A/Frameworks/SecurityHI.framework/Versions/A/SecurityHI
0x00007fff3e6fd000 	/System/Library/Frameworks/VideoToolbox.framework/Versions/A/VideoToolbox
0x00007fff31de6000 	/System/Library/Frameworks/CoreMedia.framework/Versions/A/CoreMedia
0x00007fff44997000 	/System/Library/PrivateFrameworks/AppleVA.framework/Versions/A/AppleVA
0x00007fff69a3d000 	/usr/lib/libspindump.dylib
0x00007fff42afe000 	/System/Library/PrivateFrameworks/AXCoreUtilities.framework/Versions/A/AXCoreUtilities
0x00007fff3591f000 	/System/Library/Frameworks/MediaAccessibility.framework/Versions/A/MediaAccessibility
0x00007fff53353000 	/System/Library/PrivateFrameworks/GraphicsServices.framework/Versions/A/GraphicsServices
0x00007fff4927c000 	/System/Library/PrivateFrameworks/CoreOptimization.framework/Versions/A/CoreOptimization
0x00007fff5cc9d000 	/System/Library/PrivateFrameworks/RemoteServiceDiscovery.framework/Versions/A/RemoteServiceDiscovery
0x00007fff5cce7000 	/System/Library/PrivateFrameworks/RemoteXPC.framework/Versions/A/RemoteXPC
0x00007fff67804000 	/usr/lib/libMatch.1.dylib
0x00007fff64024000 	/System/Library/PrivateFrameworks/WirelessDiagnostics.framework/Versions/A/WirelessDiagnostics
0x00007fff63cd7000 	/System/Library/PrivateFrameworks/WirelessDiagnostics.framework/Versions/A/Libraries/libAWDSupportFramework.dylib
0x00007fff63c9b000 	/System/Library/PrivateFrameworks/WirelessDiagnostics.framework/Versions/A/Libraries/libAWDSupport.dylib
0x00007fff63fb8000 	/System/Library/PrivateFrameworks/WirelessDiagnostics.framework/Versions/A/Libraries/libprotobuf-lite.dylib
0x00007fff679ce000 	/usr/lib/libTelephonyUtilDynamic.dylib
0x00007fff63fca000 	/System/Library/PrivateFrameworks/WirelessDiagnostics.framework/Versions/A/Libraries/libprotobuf.dylib
0x00007fff49e05000 	/System/Library/PrivateFrameworks/CoreServicesInternal.framework/Versions/A/CoreServicesInternal
0x00007fff3313e000 	/System/Library/Frameworks/FileProvider.framework/Versions/A/FileProvider
0x00007fff2dc9d000 	/System/Library/Frameworks/Accounts.framework/Versions/A/Accounts
0x00007fff521f0000 	/System/Library/PrivateFrameworks/GenerationalStorage.framework/Versions/A/GenerationalStorage
0x00007fff4a38c000 	/System/Library/PrivateFrameworks/CoreSymbolication.framework/Versions/A/CoreSymbolication
0x00007fff6119e000 	/System/Library/PrivateFrameworks/SymptomDiagnosticReporter.framework/Versions/A/SymptomDiagnosticReporter
0x00007fff43b41000 	/System/Library/PrivateFrameworks/AppContainer.framework/Versions/A/AppContainer
0x00007fff628ae000 	/System/Library/PrivateFrameworks/UserManagement.framework/Versions/A/UserManagement
0x00007fff468e7000 	/System/Library/PrivateFrameworks/ChunkingLibrary.framework/Versions/A/ChunkingLibrary
0x00007fff4ab0e000 	/System/Library/PrivateFrameworks/DebugSymbols.framework/Versions/A/DebugSymbols
0x00007fff43bb3000 	/System/Library/PrivateFrameworks/AppSandbox.framework/Versions/A/AppSandbox
0x00007fff5e767000 	/System/Library/PrivateFrameworks/SecCodeWrapper.framework/Versions/A/SecCodeWrapper
0x0000000109da8000 	/usr/lib/libobjc-trampolines.dylib
0x00007fff4d287000 	/System/Library/PrivateFrameworks/FontServices.framework/libTrueTypeScaler.dylib
0x00007fff2c7b6000 	/System/Library/Frameworks/Accelerate.framework/Versions/A/Frameworks/vImage.framework/Versions/A/Libraries/libCGInterfaces.dylib
0x00007fff23c20000 	/System/Library/CoreServices/RawCamera.bundle/Contents/MacOS/RawCamera
0x00007fff576e8000 	/System/Library/PrivateFrameworks/MobileAsset.framework/Versions/A/MobileAsset
0x00007fff61046000 	/System/Library/PrivateFrameworks/StreamingZip.framework/Versions/A/StreamingZip
0x00007fff359f5000 	/System/Library/Frameworks/MediaToolbox.framework/Versions/A/MediaToolbox
0x00007fff482fb000 	/System/Library/PrivateFrameworks/CoreAVCHD.framework/Versions/A/CoreAVCHD
0x00007fff56a9c000 	/System/Library/PrivateFrameworks/Mangrove.framework/Versions/A/Mangrove
0x00007fff56d08000 	/System/Library/PrivateFrameworks/MediaExperience.framework/Versions/A/MediaExperience
0x00007fff47f25000 	/System/Library/PrivateFrameworks/CoreAUC.framework/Versions/A/CoreAUC
0x00007fff44f82000 	/System/Library/PrivateFrameworks/AudioResourceArbitration.framework/Versions/A/AudioResourceArbitration
0x00007fff26a4f000 	/System/Library/Extensions/AppleIntelHD4000GraphicsMTLDriver.bundle/Contents/MacOS/AppleIntelHD4000GraphicsMTLDriver
0x00007fff50810000 	/System/Library/PrivateFrameworks/GPUCompiler.framework/Versions/3902/Libraries/libmetal_timestamp.dylib
0x00007fff3c548000 	/System/Library/Frameworks/Quartz.framework/Versions/A/Quartz
0x00007fff3bf57000 	/System/Library/Frameworks/Quartz.framework/Versions/A/Frameworks/QuartzComposer.framework/Versions/A/QuartzComposer
0x00007fff3b73d000 	/System/Library/Frameworks/PDFKit.framework/Versions/A/PDFKit
0x00007fff3c417000 	/System/Library/Frameworks/Quartz.framework/Versions/A/Frameworks/QuartzFilters.framework/Versions/A/QuartzFilters
0x00007fff3bd10000 	/System/Library/Frameworks/Quartz.framework/Versions/A/Frameworks/ImageKit.framework/Versions/A/ImageKit
0x00007fff3c43d000 	/System/Library/Frameworks/Quartz.framework/Versions/A/Frameworks/QuickLookUI.framework/Versions/A/QuickLookUI
0x00007fff49281000 	/System/Library/PrivateFrameworks/CorePDF.framework/Versions/A/CorePDF
0x00007fff3c7cd000 	/System/Library/Frameworks/QuickLook.framework/Versions/A/QuickLook
0x00007fff4b120000 	/System/Library/PrivateFrameworks/DisplayServices.framework/Versions/A/DisplayServices
0x00007fff33a93000 	/System/Library/Frameworks/ImageCaptureCore.framework/Versions/A/ImageCaptureCore
0x00007fff2c3cd000 	/System/Library/Frameworks/AVFoundation.framework/Versions/A/AVFoundation
0x00007fff5c973000 	/System/Library/PrivateFrameworks/QuickLookSupport.framework/Versions/A/QuickLookSupport
0x00007fff4b04c000 	/System/Library/PrivateFrameworks/DiskManagement.framework/Versions/A/DiskManagement
0x00007fff3c827000 	/System/Library/Frameworks/QuickLookThumbnailing.framework/Versions/A/QuickLookThumbnailing
0x00007fff2c5c9000 	/System/Library/Frameworks/AVFoundation.framework/Versions/A/Frameworks/AVFAudio.framework/Versions/A/AVFAudio
0x00007fff31ec2000 	/System/Library/Frameworks/CoreMediaIO.framework/Versions/A/CoreMediaIO
0x00007fff673e2000 	/usr/lib/libAudioStatistics.dylib
0x00007fff64951000 	/System/Library/PrivateFrameworks/perfdata.framework/Versions/A/perfdata
0x00007fff69987000 	/usr/lib/libperfcheck.dylib
0x00007fff678da000 	/usr/lib/libSMC.dylib
0x00007fff56d93000 	/System/Library/PrivateFrameworks/MediaKit.framework/Versions/A/MediaKit
0x00007fff32e74000 	/System/Library/Frameworks/DiscRecording.framework/Versions/A/DiscRecording
0x00007fff6746b000 	/usr/lib/libCoreStorage.dylib
0x00007fff68678000 	/usr/lib/libcsfde.dylib
0x00007fff4b202000 	/System/Library/PrivateFrameworks/EFILogin.framework/Versions/A/EFILogin
0x00007fff5c7e9000 	/System/Library/PrivateFrameworks/ProtectedCloudStorage.framework/Versions/A/ProtectedCloudStorage
0x00007fff48475000 	/System/Library/PrivateFrameworks/CoreBrightness.framework/Versions/A/CoreBrightness
0x00007fff533bb000 	/System/Library/PrivateFrameworks/HID.framework/Versions/A/HID
0x00007fff3cd2d000 	/System/Library/Frameworks/SafariServices.framework/Versions/A/SafariServices
0x00007fff5c96f000 	/System/Library/PrivateFrameworks/QuickLookNonBaseSystem.framework/Versions/A/QuickLookNonBaseSystem
0x00007fff6367a000 	/System/Library/PrivateFrameworks/ViewBridge.framework/Versions/A/ViewBridge
0x00007fff56c5d000 	/System/Library/PrivateFrameworks/MarkupUI.framework/Versions/A/MarkupUI
0x00007fff5ea7c000 	/System/Library/PrivateFrameworks/SidecarCore.framework/Versions/A/SidecarCore
0x00007fff439f5000 	/System/Library/PrivateFrameworks/AnnotationKit.framework/Versions/A/AnnotationKit
0x00007fff3b831000 	/System/Library/Frameworks/PencilKit.framework/Versions/A/PencilKit
0x00007fff5ea9d000 	/System/Library/PrivateFrameworks/SidecarUI.framework/Versions/A/SidecarUI
0x00007fff48aca000 	/System/Library/PrivateFrameworks/CoreHandwriting.framework/Versions/A/CoreHandwriting
0x00007fff36210000 	/System/Library/Frameworks/MetalKit.framework/Versions/A/MetalKit
0x00007fff57aff000 	/System/Library/PrivateFrameworks/Montreal.framework/Versions/A/Montreal
0x00007fff31ae3000 	/System/Library/Frameworks/CoreML.framework/Versions/A/CoreML
0x00007fff4b17e000 	/System/Library/PrivateFrameworks/DuetActivityScheduler.framework/Versions/A/DuetActivityScheduler
0x00007fff4bd50000 	/System/Library/PrivateFrameworks/Espresso.framework/Versions/A/Espresso
0x00007fff48683000 	/System/Library/PrivateFrameworks/CoreDuet.framework/Versions/A/CoreDuet
0x00007fff4888f000 	/System/Library/PrivateFrameworks/CoreDuetContext.framework/Versions/A/CoreDuetContext
0x00007fff5b95a000 	/System/Library/PrivateFrameworks/PowerLog.framework/Versions/A/PowerLog
0x00007fff3295a000 	/System/Library/Frameworks/CoreTelephony.framework/Versions/A/CoreTelephony
0x00007fff488f0000 	/System/Library/PrivateFrameworks/CoreDuetDebugLogging.framework/Versions/A/CoreDuetDebugLogging
0x00007fff44885000 	/System/Library/PrivateFrameworks/ApplePushService.framework/Versions/A/ApplePushService
0x00007fff2fb55000 	/System/Library/Frameworks/CloudKit.framework/Versions/A/CloudKit
0x00007fff34031000 	/System/Library/Frameworks/Intents.framework/Versions/A/Intents
0x00007fff488dd000 	/System/Library/PrivateFrameworks/CoreDuetDaemonProtocol.framework/Versions/A/CoreDuetDaemonProtocol
0x00007fff5c9dd000 	/System/Library/PrivateFrameworks/Rapport.framework/Versions/A/Rapport
0x00007fff48677000 	/System/Library/PrivateFrameworks/CoreDaemon.framework/Versions/B/CoreDaemon
0x00007fff448ac000 	/System/Library/PrivateFrameworks/AppleSRP.framework/Versions/A/AppleSRP
0x00007fff45e85000 	/System/Library/PrivateFrameworks/C2.framework/Versions/A/C2
0x00007fff31a26000 	/System/Library/Frameworks/CoreLocation.framework/Versions/A/CoreLocation
0x00007fff3bbe9000 	/System/Library/Frameworks/PushKit.framework/Versions/A/PushKit
0x00007fff37500000 	/System/Library/Frameworks/NetworkExtension.framework/Versions/A/NetworkExtension
0x00007fff69825000 	/usr/lib/libnetworkextension.dylib
0x00007fff4b1cc000 	/System/Library/PrivateFrameworks/EAP8021X.framework/Versions/A/EAP8021X
0x00007fff5222f000 	/System/Library/PrivateFrameworks/GeoServices.framework/Versions/A/GeoServices
0x00007fff5622a000 	/System/Library/PrivateFrameworks/LocationSupport.framework/Versions/A/LocationSupport
0x00007fff5b8ff000 	/System/Library/PrivateFrameworks/PlugInKit.framework/Versions/A/PlugInKit
0x00007fff55cd7000 	/System/Library/PrivateFrameworks/IntentsFoundation.framework/Versions/A/IntentsFoundation
0x00007fff6490c000 	/System/Library/PrivateFrameworks/login.framework/Versions/A/login
0x000000010ceab000 	/Applications/Stata/utilities/java/macosx-x64/zulu-jdk11.0.10/zulu-11.jdk/Contents/Home/lib/jli/libjli.dylib
0x000000010cec0000 	/Applications/Stata/utilities/java/macosx-x64/zulu-jdk11.0.10/zulu-11.jdk/Contents/Home/lib/server/libjvm.dylib
0x000000010b05e000 	/Applications/Stata/utilities/java/macosx-x64/zulu-jdk11.0.10/zulu-11.jdk/Contents/Home/lib/libverify.dylib
0x000000010dd9e000 	/Applications/Stata/utilities/java/macosx-x64/zulu-jdk11.0.10/zulu-11.jdk/Contents/Home/lib/libjava.dylib
0x000000010b080000 	/Applications/Stata/utilities/java/macosx-x64/zulu-jdk11.0.10/zulu-11.jdk/Contents/Home/lib/libjimage.dylib
0x000000010b0c4000 	/Applications/Stata/utilities/java/macosx-x64/zulu-jdk11.0.10/zulu-11.jdk/Contents/Home/lib/libzip.dylib
0x00000001378ed000 	/Applications/Stata/utilities/java/macosx-x64/zulu-jdk11.0.10/zulu-11.jdk/Contents/Home/lib/libnio.dylib
0x0000000137900000 	/Applications/Stata/utilities/java/macosx-x64/zulu-jdk11.0.10/zulu-11.jdk/Contents/Home/lib/libnet.dylib
0x00007fff46a91000 	/System/Library/PrivateFrameworks/CloudDocs.framework/Versions/A/CloudDocs
0x00007fff60a2c000 	/System/Library/PrivateFrameworks/SpotlightIndex.framework/Versions/A/SpotlightIndex
0x000000014fc62000 	/Applications/Stata/utilities/java/macosx-x64/zulu-jdk11.0.10/zulu-11.jdk/Contents/Home/lib/libsunec.dylib
0x00007fff23bf9000 	/System/Library/CoreServices/Encodings/libSimplifiedChineseConverter.dylib
0x000000010b2c7000 	/Applications/Stata/utilities/java/macosx-x64/zulu-jdk11.0.10/zulu-11.jdk/Contents/Home/lib/libextnet.dylib
0x00007fff69e17000 	/usr/lib/libusrtcp.dylib
0x00007fff5ea5d000 	/System/Library/PrivateFrameworks/Shortcut.framework/Versions/A/Shortcut
0x00007fff53fac000 	/System/Library/PrivateFrameworks/HelpData.framework/Versions/A/HelpData
0x00007fff61218000 	/System/Library/PrivateFrameworks/SystemAdministration.framework/Versions/A/SystemAdministration
0x00007fff32e68000 	/System/Library/Frameworks/DirectoryService.framework/Versions/A/DirectoryService
0x00007fff4af83000 	/System/Library/PrivateFrameworks/DiskImages.framework/Versions/A/DiskImages
0x00007fff562a7000 	/System/Library/PrivateFrameworks/LoginUIKit.framework/Versions/A/Frameworks/LoginUICore.framework/Versions/A/LoginUICore
0x00007fff698f8000 	/usr/lib/libodfde.dylib
0x00007fff686ec000 	/usr/lib/libcurl.4.dylib
0x00007fff68571000 	/usr/lib/libcrypto.44.dylib
0x00007fff69d15000 	/usr/lib/libssl.46.dylib
0x00007fff3558e000 	/System/Library/Frameworks/LDAP.framework/Versions/A/LDAP
0x00007fff61bf0000 	/System/Library/PrivateFrameworks/TrustEvaluationAgent.framework/Versions/A/TrustEvaluationAgent
0x00007fff69a2a000 	/usr/lib/libsasl2.2.dylib
0x000000010c988000 	/Applications/Stata/utilities/java/macosx-x64/zulu-jdk11.0.10/zulu-11.jdk/Contents/Home/lib/libawt.dylib
0x000000010c8b5000 	/Applications/Stata/utilities/java/macosx-x64/zulu-jdk11.0.10/zulu-11.jdk/Contents/Home/lib/libmlib_image.dylib
0x00007fff35564000 	/System/Library/Frameworks/JavaVM.framework/Versions/A/Frameworks/JavaNativeFoundation.framework/Versions/A/JavaNativeFoundation
0x00007fff3556d000 	/System/Library/Frameworks/JavaVM.framework/Versions/A/Frameworks/JavaRuntimeSupport.framework/Versions/A/JavaRuntimeSupport
0x00007fff35575000 	/System/Library/Frameworks/JavaVM.framework/Versions/A/JavaVM
0x00007fff55da3000 	/System/Library/PrivateFrameworks/JavaLaunching.framework/Versions/A/JavaLaunching
0x000000010ca28000 	/Applications/Stata/utilities/java/macosx-x64/zulu-jdk11.0.10/zulu-11.jdk/Contents/Home/lib/libawt_lwawt.dylib
0x000000010cadd000 	/Applications/Stata/utilities/java/macosx-x64/zulu-jdk11.0.10/zulu-11.jdk/Contents/Home/lib/libosxapp.dylib
0x00007fff3311f000 	/System/Library/Frameworks/ExceptionHandling.framework/Versions/A/ExceptionHandling
0x000000010b7b7000 	/Applications/Stata/utilities/java/macosx-x64/zulu-jdk11.0.10/zulu-11.jdk/Contents/Home/lib/libfontmanager.dylib
0x0000000133302000 	/Applications/Stata/utilities/java/macosx-x64/zulu-jdk11.0.10/zulu-11.jdk/Contents/Home/lib/libharfbuzz.dylib
0x00000001333f9000 	/Applications/Stata/utilities/java/macosx-x64/zulu-jdk11.0.10/zulu-11.jdk/Contents/Home/lib/libfreetype.dylib


VM Arguments:
jvm_args: -Xmx4096M -Xss2M -XX:ErrorFile=/dev/null 
java_command: <unknown>
java_class_path (initial): /Applications/Stata/utilities/jar/aspose-words-18.11-jdk16.jar:/Applications/Stata/utilities/jar/libstata-core.jar:/Applications/Stata/utilities/jar/libdeps-core.jar:/Applications/Stata/utilities/jar/sfi-api.jar:
Launcher Type: generic

[Global flags]
     intx CICompilerCount                          = 3                                         {product} {ergonomic}
     uint ConcGCThreads                            = 1                                         {product} {ergonomic}
    ccstr ErrorFile                                = /dev/null                                 {product} {command line}
     uint G1ConcRefinementThreads                  = 4                                         {product} {ergonomic}
   size_t G1HeapRegionSize                         = 1048576                                   {product} {ergonomic}
    uintx GCDrainStackTargetSize                   = 64                                        {product} {ergonomic}
   size_t InitialHeapSize                          = 134217728                                 {product} {ergonomic}
   size_t MarkStackSize                            = 4194304                                   {product} {ergonomic}
   size_t MaxHeapSize                              = 4294967296                                {product} {command line}
   size_t MaxNewSize                               = 2576351232                                {product} {ergonomic}
   size_t MinHeapDeltaBytes                        = 1048576                                   {product} {ergonomic}
    uintx NonNMethodCodeHeapSize                   = 5830732                                {pd product} {ergonomic}
    uintx NonProfiledCodeHeapSize                  = 122913754                              {pd product} {ergonomic}
    uintx ProfiledCodeHeapSize                     = 122913754                              {pd product} {ergonomic}
    uintx ReservedCodeCacheSize                    = 251658240                              {pd product} {ergonomic}
     bool SegmentedCodeCache                       = true                                      {product} {ergonomic}
     intx ThreadStackSize                          = 2048                                   {pd product} {command line}
     bool UseCompressedClassPointers               = true                                 {lp64_product} {ergonomic}
     bool UseCompressedOops                        = true                                 {lp64_product} {ergonomic}
     bool UseG1GC                                  = true                                      {product} {ergonomic}

Logging:
Log output configuration:
 #0: stdout all=warning uptime,level,tags
 #1: stderr all=off uptime,level,tags

Environment Variables:
PATH=/usr/bin:/bin:/usr/sbin:/sbin:/Applications/Stata/utilities/java/macosx-x64/zulu-jdk11.0.10/bin
SHELL=/bin/zsh
LANG=en_US.UTF-8

Signal Handlers:
SIGSEGV: [libjvm.dylib+0x7c38f0], sa_mask[0]=11111111011111110111111111111111, sa_flags=SA_ONSTACK|SA_RESTART|SA_SIGINFO
SIGBUS: [libjvm.dylib+0x7c38f0], sa_mask[0]=11111111011111110111111111111111, sa_flags=SA_RESTART|SA_SIGINFO
SIGFPE: [libjvm.dylib+0x7c38f0], sa_mask[0]=11111111011111110111111111111111, sa_flags=SA_RESTART|SA_SIGINFO
SIGPIPE: [libjvm.dylib+0x6266b8], sa_mask[0]=11111111011111110111111111111111, sa_flags=SA_RESTART|SA_SIGINFO
SIGXFSZ: [libjvm.dylib+0x6266b8], sa_mask[0]=11111111011111110111111111111111, sa_flags=SA_RESTART|SA_SIGINFO
SIGILL: [libjvm.dylib+0x7c38f0], sa_mask[0]=11111111011111110111111111111111, sa_flags=SA_RESTART|SA_SIGINFO
SIGUSR2: [libjvm.dylib+0x626c9d], sa_mask[0]=00000000000000000000000000000000, sa_flags=SA_RESTART|SA_SIGINFO
SIGHUP: [libjvm.dylib+0x625757], sa_mask[0]=11111111011111110111111111111111, sa_flags=SA_RESTART|SA_SIGINFO
SIGINT: [libjvm.dylib+0x625757], sa_mask[0]=11111111011111110111111111111111, sa_flags=SA_RESTART|SA_SIGINFO
SIGTERM: [libjvm.dylib+0x625757], sa_mask[0]=11111111011111110111111111111111, sa_flags=SA_RESTART|SA_SIGINFO
SIGQUIT: [libjvm.dylib+0x625757], sa_mask[0]=11111111011111110111111111111111, sa_flags=SA_RESTART|SA_SIGINFO


---------------  S Y S T E M  ---------------

OS:uname:Darwin 19.6.0 Darwin Kernel Version 19.6.0: Sun Nov 14 19:58:51 PST 2021; root:xnu-6153.141.50~1/RELEASE_X86_64 x86_64
OS uptime: 0 days 18:21 hours
rlimit (soft/hard): STACK 8192k/65532k , CORE 0k/infinity , NPROC 1392/2088 , NOFILE 10240/infinity , AS infinity/infinity , CPU infinity/infinity , DATA infinity/infinity , FSIZE infinity/infinity , MEMLOCK infinity/infinity , RSS infinity/infinity
load average:1.54 1.50 1.81

CPU:total 4 (initial active 4) (2 cores per cpu, 2 threads per core) family 6 model 58 stepping 9 microcode 0x21, cmov, cx8, fxsr, mmx, sse, sse2, sse3, ssse3, sse4.1, sse4.2, popcnt, avx, aes, clmul, erms, ht, tsc, tscinvbit, tscinv

Memory: 4k page, physical 8388608k(247664k free), swap 1048576k(825088k free)

vm_info: OpenJDK 64-Bit Server VM (11.0.10+9-LTS) for bsd-amd64 JRE (Zulu11.45+27-CA) (11.0.10+9-LTS), built on Jan 20 2021 05:16:21 by "zulu_re" with gcc 4.2.1 Compatible Apple LLVM 9.1.0 (clang-902.0.39.2)

END.
